1685642027079	geckodriver	INFO	Listening on 127.0.0.1:59493
1685744627370	geckodriver	INFO	Listening on 127.0.0.1:53570
.\geckodriver.exe: error: Only one usage of each socket address (protocol/network address/port) is normally permitted. (os error 10048)
geckodriver 0.33.0 (a80e5fd61076 2023-04-02 18:31 +0000) 
WebDriver implementation for Firefox

USAGE:
    geckodriver.exe [OPTIONS]

OPTIONS:
        --allow-hosts <ALLOW_HOSTS>...
            List of hostnames to allow. By default the value of --host is allowed, and in addition
            if that's a well known local address, other variations on well known local addresses are
            allowed. If --allow-hosts is provided only exactly those hosts are allowed.

        --allow-origins <ALLOW_ORIGINS>...
            List of request origins to allow. These must be formatted as scheme://host:port. By
            default any request with an origin header is rejected. If --allow-origins is provided
            then only exactly those origins are allowed.

        --android-storage <ANDROID_STORAGE>
            Selects storage location to be used for test data (deprecated). [possible values: auto,
            app, internal, sdcard]

    -b, --binary <BINARY>
            Path to the Firefox binary

        --connect-existing
            Connect to an existing Firefox instance

    -h, --help
            Prints this message

        --host <HOST>
            Host IP to use for WebDriver server [default: 127.0.0.1]

        --jsdebugger
            Attach browser toolbox debugger for Firefox

        --log <LEVEL>
            Set Gecko log level [possible values: fatal, error, warn, info, config, debug, trace]

        --log-no-truncate
            Disable truncation of long log lines

        --marionette-host <HOST>
            Host to use to connect to Gecko [default: 127.0.0.1]

        --marionette-port <PORT>
            Port to use to connect to Gecko [default: system-allocated port]

    -p, --port <PORT>
            Port to use for WebDriver server [default: 4444]

        --profile-root <PROFILE_ROOT>
            Directory in which to create profiles. Defaults to the system temporary directory.

    -v
            Log level verbosity (-v for debug and -vv for trace level)

    -V, --version
            Prints version and copying information

        --websocket-port <PORT>
            Port to use to connect to WebDriver BiDi [default: 9222]

1685744633537	mozrunner::runner	INFO	Running command: "C:\\Program Files\\Mozilla Firefox\\firefox.exe" "--marionette" "--remote-debugging-port" "53571" "--remote-allow-hosts" "localhost" "-no-remote" "-profile" "C:\\Users\\Antoine\\AppData\\Local\\Temp\\rust_mozprofileVBsOfw"
console.warn: services.settings: Ignoring preference override of remote settings server
console.warn: services.settings: Allow by setting MOZ_REMOTE_SETTINGS_DEVTOOLS=1 in the environment
1685744633803	Marionette	INFO	Marionette enabled
Dynamically enable window occlusion 0
1685744633807	Marionette	INFO	Listening on port 53586
Read port: 53586
WebDriver BiDi listening on ws://127.0.0.1:53571
1685744633935	RemoteAgent	WARN	TLS certificate errors will be ignored for this session
[ERROR glean_core] Error setting metrics feature config: Json(Error("EOF while parsing a value", line: 1, column: 0))
DevTools listening on ws://127.0.0.1:53571/devtools/browser/b7fd3aff-f103-4583-b9fa-4e4a5cc50b78
JavaScript error: https://www.asurascans.com/, line 61: SyntaxError: invalid escape sequence
JavaScript warning: https://cocosyeta.com/rpykQPi6LiJBYfBq/59267, line 1: WEBGL_debug_renderer_info is deprecated in Firefox and will be removed. Please use RENDERER.
1685744654694	Marionette	WARN	Ignoring event 'pageshow' because document has an invalid readyState of 'uninitialized'.
1685744655722	Marionette	WARN	Ignoring event 'pageshow' because document has an invalid readyState of 'loading'.
1685744658543	Marionette	WARN	Ignoring event 'pageshow' because document has an invalid readyState of 'loading'.
1685744664909	Marionette	WARN	Ignoring event 'pageshow' because document has an invalid readyState of 'loading'.
1685744671210	Marionette	WARN	Ignoring event 'pageshow' because document has an invalid readyState of 'loading'.
1685744671495	Marionette	WARN	Ignoring event 'pageshow' because document has an invalid readyState of 'loading'.
1685744677552	Marionette	WARN	Ignoring event 'pageshow' because document has an invalid readyState of 'loading'.
1685744683928	Marionette	WARN	Ignoring event 'pageshow' because document has an invalid readyState of 'loading'.
1685744690228	Marionette	WARN	Ignoring event 'pageshow' because document has an invalid readyState of 'loading'.
1685744696518	Marionette	WARN	Ignoring event 'pageshow' because document has an invalid readyState of 'loading'.
1685744702891	Marionette	WARN	Ignoring event 'pageshow' because document has an invalid readyState of 'loading'.
JavaScript error: https://luminousscans.com/, line 555: TypeError: document.querySelector(...) is null
JavaScript error: https://luminousscans.com/, line 1764: TypeError: document.querySelector(...) is null
1685744714148	Marionette	WARN	Ignoring event 'pageshow' because document has an invalid readyState of 'uninitialized'.
JavaScript warning: https://haulstugging.com/rDvfd9mR582tjLuoW/64653, line 1: WEBGL_debug_renderer_info is deprecated in Firefox and will be removed. Please use RENDERER.
JavaScript warning: https://surfedlattins.com/fRusJZmBQSvAOKxH/65169, line 1: WEBGL_debug_renderer_info is deprecated in Firefox and will be removed. Please use RENDERER.
JavaScript warning: https://mm-scans.org/wp-content/plugins/madara-core/assets/js/script.js?ver=1.7.1, line 54: unreachable code after return statement
console.error: ({})
JavaScript error: https://mm-scans.org/, line 1716: TypeError: queue is null
JavaScript warning: https://aquamanga.com/wp-content/plugins/madara-core/assets/js/script.js?ver=1.7.1, line 53: unreachable code after return statement
1685744726113	Marionette	WARN	Ignoring event 'pageshow' because document has an invalid readyState of 'uninitialized'.
1685744727359	Marionette	INFO	Stopped listening on port 53586
[Child 2844, Main Thread] WARNING: JSWindowActorChild::SendRawMessage (Conduits, ConduitClosed) not sent: !CanSend() || !mManager || !mManager->CanSend(): file /builds/worker/checkouts/gecko/dom/ipc/jsactor/JSWindowActorChild.cpp:57
[Child 2844, Main Thread] WARNING: JSWindowActorChild::SendRawMessage (Conduits, ConduitClosed) not sent: !CanSend() || !mManager || !mManager->CanSend(): file /builds/worker/checkouts/gecko/dom/ipc/jsactor/JSWindowActorChild.cpp:57
[Child 2844, Main Thread] WARNING: JSWindowActorChild::SendRawMessage (Conduits, ConduitClosed) not sent: !CanSend() || !mManager || !mManager->CanSend(): file /builds/worker/checkouts/gecko/dom/ipc/jsactor/JSWindowActorChild.cpp:57
[Child 2844, Main Thread] WARNING: JSWindowActorChild::SendRawMessage (Conduits, ConduitClosed) not sent: !CanSend() || !mManager || !mManager->CanSend(): file /builds/worker/checkouts/gecko/dom/ipc/jsactor/JSWindowActorChild.cpp:57
[Child 2844, Main Thread] WARNING: JSWindowActorChild::SendRawMessage (Conduits, ConduitClosed) not sent: !CanSend() || !mManager || !mManager->CanSend(): file /builds/worker/checkouts/gecko/dom/ipc/jsactor/JSWindowActorChild.cpp:57
[Child 2844, Main Thread] WARNING: JSWindowActorChild::SendRawMessage (Conduits, ConduitClosed) not sent: !CanSend() || !mManager || !mManager->CanSend(): file /builds/worker/checkouts/gecko/dom/ipc/jsactor/JSWindowActorChild.cpp:57
[Child 2844, Main Thread] WARNING: JSWindowActorChild::SendRawMessage (Conduits, ConduitClosed) not sent: !CanSend() || !mManager || !mManager->CanSend(): file /builds/worker/checkouts/gecko/dom/ipc/jsactor/JSWindowActorChild.cpp:57
[Child 2844, Main Thread] WARNING: JSWindowActorChild::SendRawMessage (Conduits, ConduitClosed) not sent: !CanSend() || !mManager || !mManager->CanSend(): file /builds/worker/checkouts/gecko/dom/ipc/jsactor/JSWindowActorChild.cpp:57
Dynamically enable window occlusion 1
1685744759826	geckodriver	INFO	Listening on 127.0.0.1:53764
.\geckodriver.exe: error: Only one usage of each socket address (protocol/network address/port) is normally permitted. (os error 10048)
geckodriver 0.33.0 (a80e5fd61076 2023-04-02 18:31 +0000) 
WebDriver implementation for Firefox

USAGE:
    geckodriver.exe [OPTIONS]

OPTIONS:
        --allow-hosts <ALLOW_HOSTS>...
            List of hostnames to allow. By default the value of --host is allowed, and in addition
            if that's a well known local address, other variations on well known local addresses are
            allowed. If --allow-hosts is provided only exactly those hosts are allowed.

        --allow-origins <ALLOW_ORIGINS>...
            List of request origins to allow. These must be formatted as scheme://host:port. By
            default any request with an origin header is rejected. If --allow-origins is provided
            then only exactly those origins are allowed.

        --android-storage <ANDROID_STORAGE>
            Selects storage location to be used for test data (deprecated). [possible values: auto,
            app, internal, sdcard]

    -b, --binary <BINARY>
            Path to the Firefox binary

        --connect-existing
            Connect to an existing Firefox instance

    -h, --help
            Prints this message

        --host <HOST>
            Host IP to use for WebDriver server [default: 127.0.0.1]

        --jsdebugger
            Attach browser toolbox debugger for Firefox

        --log <LEVEL>
            Set Gecko log level [possible values: fatal, error, warn, info, config, debug, trace]

        --log-no-truncate
            Disable truncation of long log lines

        --marionette-host <HOST>
            Host to use to connect to Gecko [default: 127.0.0.1]

        --marionette-port <PORT>
            Port to use to connect to Gecko [default: system-allocated port]

    -p, --port <PORT>
            Port to use for WebDriver server [default: 4444]

        --profile-root <PROFILE_ROOT>
            Directory in which to create profiles. Defaults to the system temporary directory.

    -v
            Log level verbosity (-v for debug and -vv for trace level)

    -V, --version
            Prints version and copying information

        --websocket-port <PORT>
            Port to use to connect to WebDriver BiDi [default: 9222]

1685744765969	mozrunner::runner	INFO	Running command: "C:\\Program Files\\Mozilla Firefox\\firefox.exe" "--marionette" "--remote-debugging-port" "53765" "--remote-allow-hosts" "localhost" "-no-remote" "-profile" "C:\\Users\\Antoine\\AppData\\Local\\Temp\\rust_mozprofiletSLWHn"
console.warn: services.settings: Ignoring preference override of remote settings server
console.warn: services.settings: Allow by setting MOZ_REMOTE_SETTINGS_DEVTOOLS=1 in the environment
1685744766472	Marionette	INFO	Marionette enabled
Dynamically enable window occlusion 0
1685744766479	Marionette	INFO	Listening on port 53779
Read port: 53779
WebDriver BiDi listening on ws://127.0.0.1:53765
1685744766693	RemoteAgent	WARN	TLS certificate errors will be ignored for this session
[ERROR glean_core] Error setting metrics feature config: Json(Error("EOF while parsing a value", line: 1, column: 0))
DevTools listening on ws://127.0.0.1:53765/devtools/browser/4be0ec98-34b5-4f80-8dcb-46d7e5d9cfdf
JavaScript error: https://www.asurascans.com/, line 61: SyntaxError: invalid escape sequence
JavaScript warning: https://cocosyeta.com/rpykQPi6LiJBYfBq/59267, line 1: WEBGL_debug_renderer_info is deprecated in Firefox and will be removed. Please use RENDERER.
1685744787280	Marionette	WARN	Ignoring event 'pageshow' because document has an invalid readyState of 'uninitialized'.
1685744788618	Marionette	WARN	Ignoring event 'pageshow' because document has an invalid readyState of 'loading'.
1685744791588	Marionette	WARN	Ignoring event 'pageshow' because document has an invalid readyState of 'loading'.
1685744798004	Marionette	WARN	Ignoring event 'pageshow' because document has an invalid readyState of 'loading'.
1685744804050	Marionette	WARN	Ignoring event 'pageshow' because document has an invalid readyState of 'loading'.
1685744804450	Marionette	WARN	Ignoring event 'pageshow' because document has an invalid readyState of 'loading'.
1685744810569	Marionette	WARN	Ignoring event 'pageshow' because document has an invalid readyState of 'loading'.
1685744816880	Marionette	WARN	Ignoring event 'pageshow' because document has an invalid readyState of 'loading'.
1685744823251	Marionette	WARN	Ignoring event 'pageshow' because document has an invalid readyState of 'loading'.
1685744829569	Marionette	WARN	Ignoring event 'pageshow' because document has an invalid readyState of 'loading'.
1685744835943	Marionette	WARN	Ignoring event 'pageshow' because document has an invalid readyState of 'loading'.
JavaScript error: https://luminousscans.com/, line 555: TypeError: document.querySelector(...) is null
JavaScript error: https://luminousscans.com/, line 1764: TypeError: document.querySelector(...) is null
1685744846910	Marionette	WARN	Ignoring event 'pageshow' because document has an invalid readyState of 'uninitialized'.
JavaScript warning: https://haulstugging.com/rDvfd9mR582tjLuoW/64653, line 1: WEBGL_debug_renderer_info is deprecated in Firefox and will be removed. Please use RENDERER.
JavaScript warning: https://surfedlattins.com/fRusJZmBQSvAOKxH/65169, line 1: WEBGL_debug_renderer_info is deprecated in Firefox and will be removed. Please use RENDERER.
JavaScript warning: https://mm-scans.org/wp-content/plugins/madara-core/assets/js/script.js?ver=1.7.1, line 54: unreachable code after return statement
console.error: ({})
JavaScript error: https://mm-scans.org/, line 1716: TypeError: queue is null
JavaScript warning: https://aquamanga.com/wp-content/plugins/madara-core/assets/js/script.js?ver=1.7.1, line 53: unreachable code after return statement
1685744857045	Marionette	WARN	Ignoring event 'pageshow' because document has an invalid readyState of 'uninitialized'.
1685744858097	Marionette	INFO	Stopped listening on port 53779
[Child 19504, Main Thread] WARNING: JSWindowActorChild::SendRawMessage (Conduits, ConduitClosed) not sent: !CanSend() || !mManager || !mManager->CanSend(): file /builds/worker/checkouts/gecko/dom/ipc/jsactor/JSWindowActorChild.cpp:57
[Child 19504, Main Thread] WARNING: JSWindowActorChild::SendRawMessage (Conduits, ConduitClosed) not sent: !CanSend() || !mManager || !mManager->CanSend(): file /builds/worker/checkouts/gecko/dom/ipc/jsactor/JSWindowActorChild.cpp:57
[Child 19504, Main Thread] WARNING: JSWindowActorChild::SendRawMessage (Conduits, ConduitClosed) not sent: !CanSend() || !mManager || !mManager->CanSend(): file /builds/worker/checkouts/gecko/dom/ipc/jsactor/JSWindowActorChild.cpp:57
[Child 19504, Main Thread] WARNING: JSWindowActorChild::SendRawMessage (Conduits, ConduitClosed) not sent: !CanSend() || !mManager || !mManager->CanSend(): file /builds/worker/checkouts/gecko/dom/ipc/jsactor/JSWindowActorChild.cpp:57
[Child 19504, Main Thread] WARNING: JSWindowActorChild::SendRawMessage (Conduits, ConduitClosed) not sent: !CanSend() || !mManager || !mManager->CanSend(): file /builds/worker/checkouts/gecko/dom/ipc/jsactor/JSWindowActorChild.cpp:57
[Child 19504, Main Thread] WARNING: JSWindowActorChild::SendRawMessage (Conduits, ConduitClosed) not sent: !CanSend() || !mManager || !mManager->CanSend(): file /builds/worker/checkouts/gecko/dom/ipc/jsactor/JSWindowActorChild.cpp:57
[Child 19504, Main Thread] WARNING: JSWindowActorChild::SendRawMessage (Conduits, ConduitClosed) not sent: !CanSend() || !mManager || !mManager->CanSend(): file /builds/worker/checkouts/gecko/dom/ipc/jsactor/JSWindowActorChild.cpp:57
[Child 19504, Main Thread] WARNING: JSWindowActorChild::SendRawMessage (Conduits, ConduitClosed) not sent: !CanSend() || !mManager || !mManager->CanSend(): file /builds/worker/checkouts/gecko/dom/ipc/jsactor/JSWindowActorChild.cpp:57
[Child 19504, Main Thread] WARNING: JSWindowActorChild::SendRawMessage (Conduits, ConduitClosed) not sent: !CanSend() || !mManager || !mManager->CanSend(): file /builds/worker/checkouts/gecko/dom/ipc/jsactor/JSWindowActorChild.cpp:57
Dynamically enable window occlusion 1
1685744909388	geckodriver	INFO	Listening on 127.0.0.1:53989
.\geckodriver.exe: error: Only one usage of each socket address (protocol/network address/port) is normally permitted. (os error 10048)
geckodriver 0.33.0 (a80e5fd61076 2023-04-02 18:31 +0000) 
WebDriver implementation for Firefox

USAGE:
    geckodriver.exe [OPTIONS]

OPTIONS:
        --allow-hosts <ALLOW_HOSTS>...
            List of hostnames to allow. By default the value of --host is allowed, and in addition
            if that's a well known local address, other variations on well known local addresses are
            allowed. If --allow-hosts is provided only exactly those hosts are allowed.

        --allow-origins <ALLOW_ORIGINS>...
            List of request origins to allow. These must be formatted as scheme://host:port. By
            default any request with an origin header is rejected. If --allow-origins is provided
            then only exactly those origins are allowed.

        --android-storage <ANDROID_STORAGE>
            Selects storage location to be used for test data (deprecated). [possible values: auto,
            app, internal, sdcard]

    -b, --binary <BINARY>
            Path to the Firefox binary

        --connect-existing
            Connect to an existing Firefox instance

    -h, --help
            Prints this message

        --host <HOST>
            Host IP to use for WebDriver server [default: 127.0.0.1]

        --jsdebugger
            Attach browser toolbox debugger for Firefox

        --log <LEVEL>
            Set Gecko log level [possible values: fatal, error, warn, info, config, debug, trace]

        --log-no-truncate
            Disable truncation of long log lines

        --marionette-host <HOST>
            Host to use to connect to Gecko [default: 127.0.0.1]

        --marionette-port <PORT>
            Port to use to connect to Gecko [default: system-allocated port]

    -p, --port <PORT>
            Port to use for WebDriver server [default: 4444]

        --profile-root <PROFILE_ROOT>
            Directory in which to create profiles. Defaults to the system temporary directory.

    -v
            Log level verbosity (-v for debug and -vv for trace level)

    -V, --version
            Prints version and copying information

        --websocket-port <PORT>
            Port to use to connect to WebDriver BiDi [default: 9222]

1685744915537	mozrunner::runner	INFO	Running command: "C:\\Program Files\\Mozilla Firefox\\firefox.exe" "--marionette" "--remote-debugging-port" "53990" "--remote-allow-hosts" "localhost" "-no-remote" "-profile" "C:\\Users\\Antoine\\AppData\\Local\\Temp\\rust_mozprofilehqmxep"
console.warn: services.settings: Ignoring preference override of remote settings server
console.warn: services.settings: Allow by setting MOZ_REMOTE_SETTINGS_DEVTOOLS=1 in the environment
1685744915816	Marionette	INFO	Marionette enabled
Dynamically enable window occlusion 0
1685744915819	Marionette	INFO	Listening on port 54004
Read port: 54004
WebDriver BiDi listening on ws://127.0.0.1:53990
1685744915942	RemoteAgent	WARN	TLS certificate errors will be ignored for this session
[ERROR glean_core] Error setting metrics feature config: Json(Error("EOF while parsing a value", line: 1, column: 0))
DevTools listening on ws://127.0.0.1:53990/devtools/browser/7814f8cb-4733-4c20-b4bb-b4c53713cd4e
JavaScript error: https://www.asurascans.com/, line 61: SyntaxError: invalid escape sequence
JavaScript warning: https://cocosyeta.com/rpykQPi6LiJBYfBq/59267, line 1: WEBGL_debug_renderer_info is deprecated in Firefox and will be removed. Please use RENDERER.
1685744937037	Marionette	WARN	Ignoring event 'pageshow' because document has an invalid readyState of 'uninitialized'.
1685744938550	Marionette	WARN	Ignoring event 'pageshow' because document has an invalid readyState of 'loading'.
1685744941384	Marionette	WARN	Ignoring event 'pageshow' because document has an invalid readyState of 'loading'.
1685744947780	Marionette	WARN	Ignoring event 'pageshow' because document has an invalid readyState of 'loading'.
1685744954112	Marionette	WARN	Ignoring event 'pageshow' because document has an invalid readyState of 'loading'.
1685744954437	Marionette	WARN	Ignoring event 'pageshow' because document has an invalid readyState of 'loading'.
[Child 12640, Main Thread] WARNING: JSWindowActorChild::SendRawMessage (Conduits, ConduitClosed) not sent: !CanSend() || !mManager || !mManager->CanSend(): file /builds/worker/checkouts/gecko/dom/ipc/jsactor/JSWindowActorChild.cpp:57
[Child 12640, Main Thread] WARNING: JSWindowActorChild::SendRawMessage (Conduits, ConduitClosed) not sent: !CanSend() || !mManager || !mManager->CanSend(): file /builds/worker/checkouts/gecko/dom/ipc/jsactor/JSWindowActorChild.cpp:57
[Child 12640, Main Thread] WARNING: JSWindowActorChild::SendRawMessage (Conduits, ConduitClosed) not sent: !CanSend() || !mManager || !mManager->CanSend(): file /builds/worker/checkouts/gecko/dom/ipc/jsactor/JSWindowActorChild.cpp:57
[Child 12640, Main Thread] WARNING: JSWindowActorChild::SendRawMessage (Conduits, ConduitClosed) not sent: !CanSend() || !mManager || !mManager->CanSend(): file /builds/worker/checkouts/gecko/dom/ipc/jsactor/JSWindowActorChild.cpp:57
[Child 12640, Main Thread] WARNING: JSWindowActorChild::SendRawMessage (Conduits, ConduitClosed) not sent: !CanSend() || !mManager || !mManager->CanSend(): file /builds/worker/checkouts/gecko/dom/ipc/jsactor/JSWindowActorChild.cpp:57
[Child 12640, Main Thread] WARNING: JSWindowActorChild::SendRawMessage (Conduits, ConduitClosed) not sent: !CanSend() || !mManager || !mManager->CanSend(): file /builds/worker/checkouts/gecko/dom/ipc/jsactor/JSWindowActorChild.cpp:57
[Child 12640, Main Thread] WARNING: JSWindowActorChild::SendRawMessage (Conduits, ConduitClosed) not sent: !CanSend() || !mManager || !mManager->CanSend(): file /builds/worker/checkouts/gecko/dom/ipc/jsactor/JSWindowActorChild.cpp:57
[Child 12640, Main Thread] WARNING: JSWindowActorChild::SendRawMessage (Conduits, ConduitClosed) not sent: !CanSend() || !mManager || !mManager->CanSend(): file /builds/worker/checkouts/gecko/dom/ipc/jsactor/JSWindowActorChild.cpp:57
[Child 12640, Main Thread] WARNING: JSWindowActorChild::SendRawMessage (Conduits, ConduitClosed) not sent: !CanSend() || !mManager || !mManager->CanSend(): file /builds/worker/checkouts/gecko/dom/ipc/jsactor/JSWindowActorChild.cpp:57
1685744954622	Marionette	INFO	Stopped listening on port 54004
Dynamically enable window occlusion 1
1685744974488	geckodriver	INFO	Listening on 127.0.0.1:54099
.\geckodriver.exe: error: Only one usage of each socket address (protocol/network address/port) is normally permitted. (os error 10048)
geckodriver 0.33.0 (a80e5fd61076 2023-04-02 18:31 +0000) 
WebDriver implementation for Firefox

USAGE:
    geckodriver.exe [OPTIONS]

OPTIONS:
        --allow-hosts <ALLOW_HOSTS>...
            List of hostnames to allow. By default the value of --host is allowed, and in addition
            if that's a well known local address, other variations on well known local addresses are
            allowed. If --allow-hosts is provided only exactly those hosts are allowed.

        --allow-origins <ALLOW_ORIGINS>...
            List of request origins to allow. These must be formatted as scheme://host:port. By
            default any request with an origin header is rejected. If --allow-origins is provided
            then only exactly those origins are allowed.

        --android-storage <ANDROID_STORAGE>
            Selects storage location to be used for test data (deprecated). [possible values: auto,
            app, internal, sdcard]

    -b, --binary <BINARY>
            Path to the Firefox binary

        --connect-existing
            Connect to an existing Firefox instance

    -h, --help
            Prints this message

        --host <HOST>
            Host IP to use for WebDriver server [default: 127.0.0.1]

        --jsdebugger
            Attach browser toolbox debugger for Firefox

        --log <LEVEL>
            Set Gecko log level [possible values: fatal, error, warn, info, config, debug, trace]

        --log-no-truncate
            Disable truncation of long log lines

        --marionette-host <HOST>
            Host to use to connect to Gecko [default: 127.0.0.1]

        --marionette-port <PORT>
            Port to use to connect to Gecko [default: system-allocated port]

    -p, --port <PORT>
            Port to use for WebDriver server [default: 4444]

        --profile-root <PROFILE_ROOT>
            Directory in which to create profiles. Defaults to the system temporary directory.

    -v
            Log level verbosity (-v for debug and -vv for trace level)

    -V, --version
            Prints version and copying information

        --websocket-port <PORT>
            Port to use to connect to WebDriver BiDi [default: 9222]

1685744980625	mozrunner::runner	INFO	Running command: "C:\\Program Files\\Mozilla Firefox\\firefox.exe" "--marionette" "--remote-debugging-port" "54100" "--remote-allow-hosts" "localhost" "-no-remote" "-profile" "C:\\Users\\Antoine\\AppData\\Local\\Temp\\rust_mozprofilehQmVfq"
console.warn: services.settings: Ignoring preference override of remote settings server
console.warn: services.settings: Allow by setting MOZ_REMOTE_SETTINGS_DEVTOOLS=1 in the environment
1685744980897	Marionette	INFO	Marionette enabled
Dynamically enable window occlusion 0
1685744980902	Marionette	INFO	Listening on port 54116
Read port: 54116
WebDriver BiDi listening on ws://127.0.0.1:54100
1685744981043	RemoteAgent	WARN	TLS certificate errors will be ignored for this session
[ERROR glean_core] Error setting metrics feature config: Json(Error("EOF while parsing a value", line: 1, column: 0))
DevTools listening on ws://127.0.0.1:54100/devtools/browser/5bb859ed-10af-4da0-8e78-d96a3e783780
JavaScript error: https://www.asurascans.com/, line 61: SyntaxError: invalid escape sequence
JavaScript warning: https://cocosyeta.com/rpykQPi6LiJBYfBq/59267, line 1: WEBGL_debug_renderer_info is deprecated in Firefox and will be removed. Please use RENDERER.
1685745001728	Marionette	WARN	Ignoring event 'pageshow' because document has an invalid readyState of 'uninitialized'.
1685745002855	Marionette	WARN	Ignoring event 'pageshow' because document has an invalid readyState of 'loading'.
1685745005597	Marionette	WARN	Ignoring event 'pageshow' because document has an invalid readyState of 'loading'.
1685745012004	Marionette	WARN	Ignoring event 'pageshow' because document has an invalid readyState of 'loading'.
1685745018412	Marionette	WARN	Ignoring event 'pageshow' because document has an invalid readyState of 'loading'.
1685745018900	Marionette	WARN	Ignoring event 'pageshow' because document has an invalid readyState of 'loading'.
1685745024837	Marionette	WARN	Ignoring event 'pageshow' because document has an invalid readyState of 'loading'.
1685745031218	Marionette	WARN	Ignoring event 'pageshow' because document has an invalid readyState of 'loading'.
1685745037675	Marionette	WARN	Ignoring event 'pageshow' because document has an invalid readyState of 'loading'.
1685745044035	Marionette	WARN	Ignoring event 'pageshow' because document has an invalid readyState of 'loading'.
1685745050390	Marionette	WARN	Ignoring event 'pageshow' because document has an invalid readyState of 'loading'.
JavaScript error: https://luminousscans.com/, line 555: TypeError: document.querySelector(...) is null
JavaScript error: https://luminousscans.com/, line 1764: TypeError: document.querySelector(...) is null
1685745062092	Marionette	WARN	Ignoring event 'pageshow' because document has an invalid readyState of 'uninitialized'.
JavaScript warning: https://haulstugging.com/rDvfd9mR582tjLuoW/64653, line 1: WEBGL_debug_renderer_info is deprecated in Firefox and will be removed. Please use RENDERER.
JavaScript warning: https://mm-scans.org/wp-content/plugins/madara-core/assets/js/script.js?ver=1.7.1, line 54: unreachable code after return statement
JavaScript warning: https://surfedlattins.com/fRusJZmBQSvAOKxH/65169, line 1: WEBGL_debug_renderer_info is deprecated in Firefox and will be removed. Please use RENDERER.
console.error: ({})
JavaScript error: https://mm-scans.org/, line 1716: TypeError: queue is null
JavaScript warning: https://aquamanga.com/wp-content/plugins/madara-core/assets/js/script.js?ver=1.7.1, line 53: unreachable code after return statement
1685745072435	Marionette	WARN	Ignoring event 'pageshow' because document has an invalid readyState of 'uninitialized'.
1685745073538	Marionette	INFO	Stopped listening on port 54116
[Child 8176, Main Thread] WARNING: JSWindowActorChild::SendRawMessage (Conduits, ConduitClosed) not sent: !CanSend() || !mManager || !mManager->CanSend(): file /builds/worker/checkouts/gecko/dom/ipc/jsactor/JSWindowActorChild.cpp:57
[Child 8176, Main Thread] WARNING: JSWindowActorChild::SendRawMessage (Conduits, ConduitClosed) not sent: !CanSend() || !mManager || !mManager->CanSend(): file /builds/worker/checkouts/gecko/dom/ipc/jsactor/JSWindowActorChild.cpp:57
[Child 8176, Main Thread] WARNING: JSWindowActorChild::SendRawMessage (Conduits, ConduitClosed) not sent: !CanSend() || !mManager || !mManager->CanSend(): file /builds/worker/checkouts/gecko/dom/ipc/jsactor/JSWindowActorChild.cpp:57
[Child 8176, Main Thread] WARNING: JSWindowActorChild::SendRawMessage (Conduits, ConduitClosed) not sent: !CanSend() || !mManager || !mManager->CanSend(): file /builds/worker/checkouts/gecko/dom/ipc/jsactor/JSWindowActorChild.cpp:57
[Child 8176, Main Thread] WARNING: JSWindowActorChild::SendRawMessage (Conduits, ConduitClosed) not sent: !CanSend() || !mManager || !mManager->CanSend(): file /builds/worker/checkouts/gecko/dom/ipc/jsactor/JSWindowActorChild.cpp:57
[Child 8176, Main Thread] WARNING: JSWindowActorChild::SendRawMessage (Conduits, ConduitClosed) not sent: !CanSend() || !mManager || !mManager->CanSend(): file /builds/worker/checkouts/gecko/dom/ipc/jsactor/JSWindowActorChild.cpp:57
[Child 8176, Main Thread] WARNING: JSWindowActorChild::SendRawMessage (Conduits, ConduitClosed) not sent: !CanSend() || !mManager || !mManager->CanSend(): file /builds/worker/checkouts/gecko/dom/ipc/jsactor/JSWindowActorChild.cpp:57
[Child 8176, Main Thread] WARNING: JSWindowActorChild::SendRawMessage (Conduits, ConduitClosed) not sent: !CanSend() || !mManager || !mManager->CanSend(): file /builds/worker/checkouts/gecko/dom/ipc/jsactor/JSWindowActorChild.cpp:57
Dynamically enable window occlusion 1
1685745077463	geckodriver	INFO	Listening on 127.0.0.1:54277
.\geckodriver.exe: error: Only one usage of each socket address (protocol/network address/port) is normally permitted. (os error 10048)
geckodriver 0.33.0 (a80e5fd61076 2023-04-02 18:31 +0000) 
WebDriver implementation for Firefox

USAGE:
    geckodriver.exe [OPTIONS]

OPTIONS:
        --allow-hosts <ALLOW_HOSTS>...
            List of hostnames to allow. By default the value of --host is allowed, and in addition
            if that's a well known local address, other variations on well known local addresses are
            allowed. If --allow-hosts is provided only exactly those hosts are allowed.

        --allow-origins <ALLOW_ORIGINS>...
            List of request origins to allow. These must be formatted as scheme://host:port. By
            default any request with an origin header is rejected. If --allow-origins is provided
            then only exactly those origins are allowed.

        --android-storage <ANDROID_STORAGE>
            Selects storage location to be used for test data (deprecated). [possible values: auto,
            app, internal, sdcard]

    -b, --binary <BINARY>
            Path to the Firefox binary

        --connect-existing
            Connect to an existing Firefox instance

    -h, --help
            Prints this message

        --host <HOST>
            Host IP to use for WebDriver server [default: 127.0.0.1]

        --jsdebugger
            Attach browser toolbox debugger for Firefox

        --log <LEVEL>
            Set Gecko log level [possible values: fatal, error, warn, info, config, debug, trace]

        --log-no-truncate
            Disable truncation of long log lines

        --marionette-host <HOST>
            Host to use to connect to Gecko [default: 127.0.0.1]

        --marionette-port <PORT>
            Port to use to connect to Gecko [default: system-allocated port]

    -p, --port <PORT>
            Port to use for WebDriver server [default: 4444]

        --profile-root <PROFILE_ROOT>
            Directory in which to create profiles. Defaults to the system temporary directory.

    -v
            Log level verbosity (-v for debug and -vv for trace level)

    -V, --version
            Prints version and copying information

        --websocket-port <PORT>
            Port to use to connect to WebDriver BiDi [default: 9222]

1685745083639	mozrunner::runner	INFO	Running command: "C:\\Program Files\\Mozilla Firefox\\firefox.exe" "--marionette" "--remote-debugging-port" "54278" "--remote-allow-hosts" "localhost" "-no-remote" "-profile" "C:\\Users\\Antoine\\AppData\\Local\\Temp\\rust_mozprofileGRpDGU"
console.warn: services.settings: Ignoring preference override of remote settings server
console.warn: services.settings: Allow by setting MOZ_REMOTE_SETTINGS_DEVTOOLS=1 in the environment
1685745083929	Marionette	INFO	Marionette enabled
Dynamically enable window occlusion 0
1685745083933	Marionette	INFO	Listening on port 54301
Read port: 54301
WebDriver BiDi listening on ws://127.0.0.1:54278
1685745084102	RemoteAgent	WARN	TLS certificate errors will be ignored for this session
[ERROR glean_core] Error setting metrics feature config: Json(Error("EOF while parsing a value", line: 1, column: 0))
DevTools listening on ws://127.0.0.1:54278/devtools/browser/28be27b2-7881-493c-a81c-b225c0e3570a
JavaScript error: https://www.asurascans.com/, line 61: SyntaxError: invalid escape sequence
JavaScript warning: https://cocosyeta.com/rpykQPi6LiJBYfBq/59267, line 1: WEBGL_debug_renderer_info is deprecated in Firefox and will be removed. Please use RENDERER.
1685745105105	Marionette	WARN	Ignoring event 'pageshow' because document has an invalid readyState of 'uninitialized'.
1685745106009	Marionette	WARN	Ignoring event 'pageshow' because document has an invalid readyState of 'loading'.
1685745109013	Marionette	WARN	Ignoring event 'pageshow' because document has an invalid readyState of 'loading'.
1685745115429	Marionette	WARN	Ignoring event 'pageshow' because document has an invalid readyState of 'loading'.
1685745121697	Marionette	WARN	Ignoring event 'pageshow' because document has an invalid readyState of 'loading'.
1685745122010	Marionette	WARN	Ignoring event 'pageshow' because document has an invalid readyState of 'loading'.
1685745128162	Marionette	WARN	Ignoring event 'pageshow' because document has an invalid readyState of 'loading'.
1685745134597	Marionette	WARN	Ignoring event 'pageshow' because document has an invalid readyState of 'loading'.
1685745140893	Marionette	WARN	Ignoring event 'pageshow' because document has an invalid readyState of 'loading'.
1685745147183	Marionette	WARN	Ignoring event 'pageshow' because document has an invalid readyState of 'loading'.
1685745153441	Marionette	WARN	Ignoring event 'pageshow' because document has an invalid readyState of 'loading'.
JavaScript error: https://luminousscans.com/, line 555: TypeError: document.querySelector(...) is null
JavaScript error: https://luminousscans.com/, line 1764: TypeError: document.querySelector(...) is null
1685745164368	Marionette	WARN	Ignoring event 'pageshow' because document has an invalid readyState of 'uninitialized'.
JavaScript warning: https://haulstugging.com/rDvfd9mR582tjLuoW/64653, line 1: WEBGL_debug_renderer_info is deprecated in Firefox and will be removed. Please use RENDERER.
JavaScript warning: https://surfedlattins.com/fRusJZmBQSvAOKxH/65169, line 1: WEBGL_debug_renderer_info is deprecated in Firefox and will be removed. Please use RENDERER.
JavaScript warning: https://mm-scans.org/wp-content/plugins/madara-core/assets/js/script.js?ver=1.7.1, line 54: unreachable code after return statement
console.error: ({})
JavaScript error: https://mm-scans.org/, line 1716: TypeError: queue is null
JavaScript warning: https://aquamanga.com/wp-content/plugins/madara-core/assets/js/script.js?ver=1.7.1, line 53: unreachable code after return statement
1685745176120	Marionette	WARN	Ignoring event 'pageshow' because document has an invalid readyState of 'uninitialized'.
1685745177489	Marionette	INFO	Stopped listening on port 54301
[Child 18956, Main Thread] WARNING: JSWindowActorChild::SendRawMessage (Conduits, ConduitClosed) not sent: !CanSend() || !mManager || !mManager->CanSend(): file /builds/worker/checkouts/gecko/dom/ipc/jsactor/JSWindowActorChild.cpp:57
[Child 18956, Main Thread] WARNING: JSWindowActorChild::SendRawMessage (Conduits, ConduitClosed) not sent: !CanSend() || !mManager || !mManager->CanSend(): file /builds/worker/checkouts/gecko/dom/ipc/jsactor/JSWindowActorChild.cpp:57
[Child 18956, Main Thread] WARNING: JSWindowActorChild::SendRawMessage (Conduits, ConduitClosed) not sent: !CanSend() || !mManager || !mManager->CanSend(): file /builds/worker/checkouts/gecko/dom/ipc/jsactor/JSWindowActorChild.cpp:57
[Child 18956, Main Thread] WARNING: JSWindowActorChild::SendRawMessage (Conduits, ConduitClosed) not sent: !CanSend() || !mManager || !mManager->CanSend(): file /builds/worker/checkouts/gecko/dom/ipc/jsactor/JSWindowActorChild.cpp:57
[Child 18956, Main Thread] WARNING: JSWindowActorChild::SendRawMessage (Conduits, ConduitClosed) not sent: !CanSend() || !mManager || !mManager->CanSend(): file /builds/worker/checkouts/gecko/dom/ipc/jsactor/JSWindowActorChild.cpp:57
[Child 18956, Main Thread] WARNING: JSWindowActorChild::SendRawMessage (Conduits, ConduitClosed) not sent: !CanSend() || !mManager || !mManager->CanSend(): file /builds/worker/checkouts/gecko/dom/ipc/jsactor/JSWindowActorChild.cpp:57
[Child 18956, Main Thread] WARNING: JSWindowActorChild::SendRawMessage (Conduits, ConduitClosed) not sent: !CanSend() || !mManager || !mManager->CanSend(): file /builds/worker/checkouts/gecko/dom/ipc/jsactor/JSWindowActorChild.cpp:57
[Child 18956, Main Thread] WARNING: JSWindowActorChild::SendRawMessage (Conduits, ConduitClosed) not sent: !CanSend() || !mManager || !mManager->CanSend(): file /builds/worker/checkouts/gecko/dom/ipc/jsactor/JSWindowActorChild.cpp:57
Dynamically enable window occlusion 1
1685745746867	geckodriver	INFO	Listening on 127.0.0.1:54645
.\geckodriver.exe: error: Only one usage of each socket address (protocol/network address/port) is normally permitted. (os error 10048)
geckodriver 0.33.0 (a80e5fd61076 2023-04-02 18:31 +0000) 
WebDriver implementation for Firefox

USAGE:
    geckodriver.exe [OPTIONS]

OPTIONS:
        --allow-hosts <ALLOW_HOSTS>...
            List of hostnames to allow. By default the value of --host is allowed, and in addition
            if that's a well known local address, other variations on well known local addresses are
            allowed. If --allow-hosts is provided only exactly those hosts are allowed.

        --allow-origins <ALLOW_ORIGINS>...
            List of request origins to allow. These must be formatted as scheme://host:port. By
            default any request with an origin header is rejected. If --allow-origins is provided
            then only exactly those origins are allowed.

        --android-storage <ANDROID_STORAGE>
            Selects storage location to be used for test data (deprecated). [possible values: auto,
            app, internal, sdcard]

    -b, --binary <BINARY>
            Path to the Firefox binary

        --connect-existing
            Connect to an existing Firefox instance

    -h, --help
            Prints this message

        --host <HOST>
            Host IP to use for WebDriver server [default: 127.0.0.1]

        --jsdebugger
            Attach browser toolbox debugger for Firefox

        --log <LEVEL>
            Set Gecko log level [possible values: fatal, error, warn, info, config, debug, trace]

        --log-no-truncate
            Disable truncation of long log lines

        --marionette-host <HOST>
            Host to use to connect to Gecko [default: 127.0.0.1]

        --marionette-port <PORT>
            Port to use to connect to Gecko [default: system-allocated port]

    -p, --port <PORT>
            Port to use for WebDriver server [default: 4444]

        --profile-root <PROFILE_ROOT>
            Directory in which to create profiles. Defaults to the system temporary directory.

    -v
            Log level verbosity (-v for debug and -vv for trace level)

    -V, --version
            Prints version and copying information

        --websocket-port <PORT>
            Port to use to connect to WebDriver BiDi [default: 9222]

1685745753006	mozrunner::runner	INFO	Running command: "C:\\Program Files\\Mozilla Firefox\\firefox.exe" "--marionette" "--remote-debugging-port" "54646" "--remote-allow-hosts" "localhost" "-no-remote" "-profile" "C:\\Users\\Antoine\\AppData\\Local\\Temp\\rust_mozprofilek7oREr"
console.warn: services.settings: Ignoring preference override of remote settings server
console.warn: services.settings: Allow by setting MOZ_REMOTE_SETTINGS_DEVTOOLS=1 in the environment
1685745753400	Marionette	INFO	Marionette enabled
Dynamically enable window occlusion 0
1685745753409	Marionette	INFO	Listening on port 54664
Read port: 54664
WebDriver BiDi listening on ws://127.0.0.1:54646
1685745753591	RemoteAgent	WARN	TLS certificate errors will be ignored for this session
[ERROR glean_core] Error setting metrics feature config: Json(Error("EOF while parsing a value", line: 1, column: 0))
DevTools listening on ws://127.0.0.1:54646/devtools/browser/eeecc701-5bcd-460e-b769-99529cdbe89b
JavaScript error: https://www.asurascans.com/, line 61: SyntaxError: invalid escape sequence
JavaScript warning: https://cocosyeta.com/rpykQPi6LiJBYfBq/59267, line 1: WEBGL_debug_renderer_info is deprecated in Firefox and will be removed. Please use RENDERER.
1685745774056	Marionette	WARN	Ignoring event 'pageshow' because document has an invalid readyState of 'uninitialized'.
1685745774958	Marionette	WARN	Ignoring event 'pageshow' because document has an invalid readyState of 'loading'.
1685745777598	Marionette	WARN	Ignoring event 'pageshow' because document has an invalid readyState of 'loading'.
1685745784035	Marionette	WARN	Ignoring event 'pageshow' because document has an invalid readyState of 'loading'.
1685745790433	Marionette	WARN	Ignoring event 'pageshow' because document has an invalid readyState of 'loading'.
1685745790597	Marionette	WARN	Ignoring event 'pageshow' because document has an invalid readyState of 'loading'.
1685745796907	Marionette	WARN	Ignoring event 'pageshow' because document has an invalid readyState of 'loading'.
1685745803349	Marionette	WARN	Ignoring event 'pageshow' because document has an invalid readyState of 'loading'.
1685745809686	Marionette	WARN	Ignoring event 'pageshow' because document has an invalid readyState of 'loading'.
1685745815925	Marionette	WARN	Ignoring event 'pageshow' because document has an invalid readyState of 'loading'.
1685745822135	Marionette	WARN	Ignoring event 'pageshow' because document has an invalid readyState of 'loading'.
JavaScript error: https://luminousscans.com/, line 555: TypeError: document.querySelector(...) is null
JavaScript error: https://luminousscans.com/, line 1764: TypeError: document.querySelector(...) is null
1685745833003	Marionette	WARN	Ignoring event 'pageshow' because document has an invalid readyState of 'uninitialized'.
JavaScript warning: https://haulstugging.com/rDvfd9mR582tjLuoW/64653, line 1: WEBGL_debug_renderer_info is deprecated in Firefox and will be removed. Please use RENDERER.
JavaScript warning: https://surfedlattins.com/fRusJZmBQSvAOKxH/65169, line 1: WEBGL_debug_renderer_info is deprecated in Firefox and will be removed. Please use RENDERER.
JavaScript warning: https://mm-scans.org/wp-content/plugins/madara-core/assets/js/script.js?ver=1.7.1, line 54: unreachable code after return statement
console.error: ({})
JavaScript error: https://mm-scans.org/, line 1716: TypeError: queue is null
[Parent 16340, IPC I/O Parent] WARNING: DuplicateHandle failed for handle 0 in TransferHandles: file /builds/worker/checkouts/gecko/ipc/chromium/src/chrome/common/ipc_channel_win.cc:787
JavaScript warning: https://aquamanga.com/wp-content/plugins/madara-core/assets/js/script.js?ver=1.7.1, line 53: unreachable code after return statement
1685745843514	Marionette	WARN	Ignoring event 'pageshow' because document has an invalid readyState of 'uninitialized'.
1685745844589	Marionette	INFO	Stopped listening on port 54664
[Child 11276, Main Thread] WARNING: JSWindowActorChild::SendRawMessage (Conduits, ConduitClosed) not sent: !CanSend() || !mManager || !mManager->CanSend(): file /builds/worker/checkouts/gecko/dom/ipc/jsactor/JSWindowActorChild.cpp:57
[Child 11276, Main Thread] WARNING: JSWindowActorChild::SendRawMessage (Conduits, ConduitClosed) not sent: !CanSend() || !mManager || !mManager->CanSend(): file /builds/worker/checkouts/gecko/dom/ipc/jsactor/JSWindowActorChild.cpp:57
[Child 11276, Main Thread] WARNING: JSWindowActorChild::SendRawMessage (Conduits, ConduitClosed) not sent: !CanSend() || !mManager || !mManager->CanSend(): file /builds/worker/checkouts/gecko/dom/ipc/jsactor/JSWindowActorChild.cpp:57
[Child 11276, Main Thread] WARNING: JSWindowActorChild::SendRawMessage (Conduits, ConduitClosed) not sent: !CanSend() || !mManager || !mManager->CanSend(): file /builds/worker/checkouts/gecko/dom/ipc/jsactor/JSWindowActorChild.cpp:57
[Child 11276, Main Thread] WARNING: JSWindowActorChild::SendRawMessage (Conduits, ConduitClosed) not sent: !CanSend() || !mManager || !mManager->CanSend(): file /builds/worker/checkouts/gecko/dom/ipc/jsactor/JSWindowActorChild.cpp:57
[Child 11276, Main Thread] WARNING: JSWindowActorChild::SendRawMessage (Conduits, ConduitClosed) not sent: !CanSend() || !mManager || !mManager->CanSend(): file /builds/worker/checkouts/gecko/dom/ipc/jsactor/JSWindowActorChild.cpp:57
[Child 11276, Main Thread] WARNING: JSWindowActorChild::SendRawMessage (Conduits, ConduitClosed) not sent: !CanSend() || !mManager || !mManager->CanSend(): file /builds/worker/checkouts/gecko/dom/ipc/jsactor/JSWindowActorChild.cpp:57
[Child 11276, Main Thread] WARNING: JSWindowActorChild::SendRawMessage (Conduits, ConduitClosed) not sent: !CanSend() || !mManager || !mManager->CanSend(): file /builds/worker/checkouts/gecko/dom/ipc/jsactor/JSWindowActorChild.cpp:57
Dynamically enable window occlusion 1
